d:\wise-gamers\proj.win32\debug.win32\wisegamersproject.lib
d:\wise-gamers\proj.win32\debug.win32\wisegamersproject.exp
d:\wise-gamers\proj.win32\wisegamersproject.cab
d:\wise-gamers\proj.win32\debug.win32\helloworldscene.obj
d:\wise-gamers\proj.win32\debug.win32\coopscene.obj
d:\wise-gamers\proj.win32\debug.win32\soundmanager.obj
d:\wise-gamers\proj.win32\debug.win32\appdelegate.obj
d:\wise-gamers\proj.win32\debug.win32\main.obj
d:\wise-gamers\proj.win32\debug.win32\singleplayerscene.obj
d:\wise-gamers\proj.win32\debug.win32\versusscene.obj
d:\wise-gamers\proj.win32\debug.win32\vc120.pdb
d:\wise-gamers\proj.win32\debug.win32\vc120.idb
e:\wise-gamers\proj.win32\debug.win32\soundmanager.obj
e:\wise-gamers\proj.win32\debug.win32\main.obj
e:\wise-gamers\proj.win32\debug.win32\appdelegate.obj
e:\wise-gamers\proj.win32\debug.win32\helloworldscene.obj
e:\wise-gamers\proj.win32\debug.win32\versusscene.obj
e:\wise-gamers\proj.win32\debug.win32\coopscene.obj
e:\wise-gamers\proj.win32\debug.win32\singleplayerscene.obj
e:\wise-gamers\proj.win32\debug.win32\vc140.pdb
d:\wise-gamers\proj.win32\debug.win32\game.res
e:\wise-gamers\proj.win32\debug.win32\game.res
d:\wise-gamers\proj.win32\debug.win32\wisegamersproject.ilk
d:\wise-gamers\proj.win32\debug.win32\wisegamersproject.exe
d:\wise-gamers\proj.win32\debug.win32\wisegamersproject.pdb
e:\wise-gamers\proj.win32\debug.win32\wisegamersproject.ilk
e:\wise-gamers\proj.win32\debug.win32\wisegamersproject.exp
e:\wise-gamers\proj.win32\debug.win32\vc120.idb
e:\wise-gamers\proj.win32\debug.win32\vc140.idb
e:\wise-gamers\proj.win32\debug.win32\vc120.pdb
e:\wise-gamers\proj.win32\debug.win32\wisegamersproject.pdb
e:\wise-gamers\proj.win32\debug.win32\wisegamersproject.exe
e:\wise-gamers\proj.win32\debug.win32\wisegame.76a39bb2.tlog\wisegamersproject.write.1u.tlog
e:\wise-gamers\proj.win32\debug.win32\wisegame.76a39bb2.tlog\cl.read.1.tlog
e:\wise-gamers\proj.win32\debug.win32\wisegame.76a39bb2.tlog\cl.write.1.tlog
e:\wise-gamers\proj.win32\debug.win32\wisegame.76a39bb2.tlog\cl.command.1.tlog
e:\wise-gamers\proj.win32\debug.win32\wisegame.76a39bb2.tlog\rc.read.1.tlog
e:\wise-gamers\proj.win32\debug.win32\wisegame.76a39bb2.tlog\rc.write.1.tlog
e:\wise-gamers\proj.win32\debug.win32\wisegame.76a39bb2.tlog\rc.command.1.tlog
e:\wise-gamers\proj.win32\debug.win32\wisegame.76a39bb2.tlog\link.read.1.tlog
e:\wise-gamers\proj.win32\debug.win32\wisegame.76a39bb2.tlog\link.write.1.tlog
e:\wise-gamers\proj.win32\debug.win32\wisegame.76a39bb2.tlog\link.command.1.tlog
